[2025-10-29 10:42:07] Detected: Cursor.exe (PID: 6980)
[2025-10-29 10:42:29] Detected: Cursor.exe (PID: 4072)
[2025-10-29 10:42:46] Detected: Cursor.exe (PID: 6980)
[2025-10-29 10:46:03] Detected: Cursor.exe (PID: 6980)
[2025-10-29 10:47:06] Detected: Cursor.exe (PID: 4072)
[2025-10-29 10:47:38] Detected: Cursor.exe (PID: 6980)
[2025-10-29 10:48:10] Detected: Cursor.exe (PID: 4072)
[2025-10-29 10:51:11] Detected: Trae.exe (PID: 13960)
[2025-10-29 10:51:18] Detected: Trae.exe (PID: 13960)
[2025-10-29 10:51:18] Detected: Trae.exe (PID: 13960)
[2025-10-29 10:51:26] Detected: Trae.exe (PID: 10308)
[2025-10-29 10:51:28] Detected: Trae.exe (PID: 10308)
[2025-10-29 10:51:28] Detected: Trae.exe (PID: 10308)
[2025-10-29 10:51:59] Detected: Trae.exe (PID: 13468)
[2025-10-29 10:52:41] Detected: Trae.exe (PID: 8344)
[2025-10-29 10:54:38] Detected: Cursor.exe (PID: 6980)
[2025-10-29 10:59:36] Detected: Cursor.exe (PID: 6980)
[2025-10-29 11:01:39] Detected: AggregatorHost.exe (PID: 3848)
[2025-10-29 11:01:40] Detected: AggregatorHost.exe (PID: 3848)
[2025-10-29 11:01:41] Detected: AggregatorHost.exe (PID: 3848)
[2025-10-29 11:02:28] Detected: Cursor.exe (PID: 4072)
[2025-10-29 11:02:30] Detected: Cursor.exe (PID: 4072)
[2025-10-29 11:05:50] Detected: Cursor.exe (PID: 12572)
[2025-10-29 11:06:54] Detected: Cursor.exe (PID: 6252)
[2025-10-29 11:07:41] Detected: Cursor.exe (PID: 12572)
[2025-10-29 11:08:09] Detected: Cursor.exe (PID: 6252)
[2025-10-29 11:08:50] Detected: Cursor.exe (PID: 12572)
[2025-10-29 11:09:29] Detected: Cursor.exe (PID: 6252)
[2025-10-29 11:13:14] Detected: msedgewebview2.exe (PID: 8016)
[2025-10-29 11:13:15] Detected: msedgewebview2.exe (PID: 8016)
[2025-10-29 11:30:16] Detected: Cursor.exe (PID: 560)
[2025-10-29 11:30:45] Detected: Cursor.exe (PID: 13980)
[2025-10-30 10:20:12] Detected: language_server_windows_x64.exe (PID: 14012)
